mode: set
yet-again-templates/config/internal/config/extra.go:13.19,15.2 1 0
yet-again-templates/config/internal/config/extra.go:19.19,22.17 2 1
yet-again-templates/config/internal/config/extra.go:22.17,34.3 2 1
yet-again-templates/config/internal/config/extra.go:43.21,44.34 1 1
yet-again-templates/config/internal/config/extra.go:44.34,46.17 2 1
yet-again-templates/config/internal/config/extra.go:46.17,48.4 1 0
yet-again-templates/config/internal/config/extra.go:50.2,50.12 1 1
yet-again-templates/config/internal/config/extra.go:55.29,56.29 1 1
yet-again-templates/config/internal/config/extra.go:56.29,58.3 1 0
yet-again-templates/config/internal/config/extra.go:59.2,59.12 1 1
yet-again-templates/config/internal/config/extra.go:63.28,64.28 1 1
yet-again-templates/config/internal/config/extra.go:64.28,66.17 2 0
yet-again-templates/config/internal/config/extra.go:66.17,68.4 1 0
yet-again-templates/config/internal/config/extra.go:70.2,70.12 1 1
yet-again-templates/config/internal/config/extra.go:75.25,76.32 1 1
yet-again-templates/config/internal/config/extra.go:76.32,78.3 1 0
yet-again-templates/config/internal/config/extra.go:79.2,79.12 1 1
yet-again-templates/config/internal/config/utilitary.go:28.36,29.33 1 1
yet-again-templates/config/internal/config/utilitary.go:29.33,31.17 2 1
yet-again-templates/config/internal/config/utilitary.go:31.17,33.4 1 0
yet-again-templates/config/internal/config/utilitary.go:42.41,44.28 2 1
yet-again-templates/config/internal/config/utilitary.go:44.28,48.20 2 1
yet-again-templates/config/internal/config/utilitary.go:48.20,50.4 1 1
yet-again-templates/config/internal/config/utilitary.go:52.2,52.12 1 1
yet-again-templates/config/internal/config/utilitary.go:56.24,59.16 3 1
yet-again-templates/config/internal/config/utilitary.go:59.16,61.3 1 0
yet-again-templates/config/internal/config/utilitary.go:62.2,62.12 1 1
yet-again-templates/config/internal/config/utilitary.go:66.31,68.16 2 1
yet-again-templates/config/internal/config/utilitary.go:68.16,70.3 1 0
yet-again-templates/config/internal/config/utilitary.go:71.2,72.16 2 1
yet-again-templates/config/internal/config/utilitary.go:72.16,74.3 1 0
yet-again-templates/config/internal/config/utilitary.go:75.2,75.12 1 1
yet-again-templates/config/internal/config/utilitary.go:79.38,81.20 2 1
yet-again-templates/config/internal/config/utilitary.go:81.20,83.3 1 0
yet-again-templates/config/internal/config/utilitary.go:84.2,84.26 1 1
yet-again-templates/config/internal/config/utilitary.go:88.39,90.20 2 1
yet-again-templates/config/internal/config/utilitary.go:90.20,92.3 1 0
yet-again-templates/config/internal/config/utilitary.go:93.2,94.38 2 1
yet-again-templates/config/internal/config/utilitary.go:102.31,115.2 8 1
yet-again-templates/config/internal/config/utilitary.go:119.55,125.18 1 1
yet-again-templates/config/internal/config/utilitary.go:125.18,127.34 1 1
yet-again-templates/config/internal/config/utilitary.go:127.34,129.5 1 1
yet-again-templates/config/internal/config/utilitary.go:130.4,130.37 1 1
yet-again-templates/config/internal/config/utilitary.go:130.37,132.5 1 1
yet-again-templates/config/internal/config/utilitary.go:138.4,140.25 3 1
yet-again-templates/config/internal/config/utilitary.go:140.25,142.5 1 1
yet-again-templates/config/internal/config/utilitary.go:145.4,157.20 5 1
yet-again-templates/config/internal/config/utilitary.go:159.2,159.13 1 1
